# JRE version: OpenJDK Runtime Environment (21.0.3) (build 21.0.3+-12282718-b509.11)
# Java VM: OpenJDK 64-Bit Server VM (21.0.3+-12282718-b509.11, mixed mode, tiered, compressed oops, compressed class ptrs, g1 gc, windows-amd64)
GC Precious Log:
 CardTable entry size: 512
 Card Set container configuration: InlinePtr #cards 5 size 8 Array Of Cards #cards 12 size 40 Howl #buckets 4 coarsen threshold 1843 Howl Bitmap #cards 512 size 80 coarsen threshold 460 Card regions per heap region 1 cards per card region 2048
 CPUs: 4 total, 4 available
 Memory: 8094M
 Large Page Support: Disabled
 NUMA Support: Disabled
 Compressed Oops: Enabled (32-bit)
 Heap Region Size: 1M
 Heap Min Capacity: 8M
 Heap Initial Capacity: 128M
 Heap Max Capacity: 2G
 Pre-touch: Disabled
 Parallel Workers: 4
 Concurrent Workers: 1
 Concurrent Refinement Workers: 4
 Periodic GC: Disabled
Heap:
 garbage-first heap   total 290816K, used 174011K [0x0000000080000000, 0x0000000100000000)
  region size 1024K, 13 young (13312K), 9 survivors (9216K)
 Metaspace       used 153633K, committed 156032K, reserved 1245184K
  class space    used 19678K, committed 20864K, reserved 1048576K
GC Heap History (20 events):
Event: 516.887 GC heap before
{Heap before GC invocations=39 (full 0):
 garbage-first heap   total 199680K, used 179967K [0x0000000080000000, 0x0000000100000000)
  region size 1024K, 58 young (59392K), 7 survivors (7168K)
 Metaspace       used 112507K, committed 114624K, reserved 1179648K
  class space    used 15119K, committed 16192K, reserved 1048576K
}
Event: 516.898 GC heap after
{Heap after GC invocations=40 (full 0):
 garbage-first heap   total 199680K, used 130307K [0x0000000080000000, 0x0000000100000000)
  region size 1024K, 5 young (5120K), 5 survivors (5120K)
 Metaspace       used 112507K, committed 114624K, reserved 1179648K
  class space    used 15119K, committed 16192K, reserved 1048576K
}
Event: 521.741 GC heap before
{Heap before GC invocations=41 (full 0):
 garbage-first heap   total 220160K, used 182531K [0x0000000080000000, 0x0000000100000000)
  region size 1024K, 55 young (56320K), 5 survivors (5120K)
 Metaspace       used 113246K, committed 115328K, reserved 1179648K
  class space    used 15192K, committed 16256K, reserved 1048576K
}
Event: 521.752 GC heap after
{Heap after GC invocations=42 (full 0):
 garbage-first heap   total 220160K, used 134506K [0x0000000080000000, 0x0000000100000000)
  region size 1024K, 7 young (7168K), 7 survivors (7168K)
 Metaspace       used 113246K, committed 115328K, reserved 1179648K
  class space    used 15192K, committed 16256K, reserved 1048576K
}
Event: 529.110 GC heap before
{Heap before GC invocations=42 (full 0):
 garbage-first heap   total 220160K, used 200042K [0x0000000080000000, 0x0000000100000000)
  region size 1024K, 71 young (72704K), 7 survivors (7168K)
 Metaspace       used 121215K, committed 123392K, reserved 1179648K
  class space    used 16023K, committed 17088K, reserved 1048576K
}
Event: 529.142 GC heap after
{Heap after GC invocations=43 (full 0):
 garbage-first heap   total 220160K, used 136565K [0x0000000080000000, 0x0000000100000000)
  region size 1024K, 8 young (8192K), 8 survivors (8192K)
 Metaspace       used 121215K, committed 123392K, reserved 1179648K
  class space    used 16023K, committed 17088K, reserved 1048576K
}
Event: 547.762 GC heap before
{Heap before GC invocations=43 (full 0):
 garbage-first heap   total 220160K, used 199029K [0x0000000080000000, 0x0000000100000000)
  region size 1024K, 69 young (70656K), 8 survivors (8192K)
 Metaspace       used 130932K, committed 133120K, reserved 1179648K
  class space    used 17046K, committed 18112K, reserved 1048576K
}
Event: 547.774 GC heap after
{Heap after GC invocations=44 (full 0):
 garbage-first heap   total 220160K, used 138695K [0x0000000080000000, 0x0000000100000000)
  region size 1024K, 6 young (6144K), 6 survivors (6144K)
 Metaspace       used 130932K, committed 133120K, reserved 1179648K
  class space    used 17046K, committed 18112K, reserved 1048576K
}
Event: 577.218 GC heap before
{Heap before GC invocations=45 (full 0):
 garbage-first heap   total 237568K, used 204231K [0x0000000080000000, 0x0000000100000000)
  region size 1024K, 66 young (67584K), 6 survivors (6144K)
 Metaspace       used 136576K, committed 138816K, reserved 1179648K
  class space    used 17710K, committed 18816K, reserved 1048576K
}
Event: 577.228 GC heap after
{Heap after GC invocations=46 (full 0):
 garbage-first heap   total 237568K, used 146796K [0x0000000080000000, 0x0000000100000000)
  region size 1024K, 7 young (7168K), 7 survivors (7168K)
 Metaspace       used 136576K, committed 138816K, reserved 1179648K
  class space    used 17710K, committed 18816K, reserved 1048576K
}
Event: 587.974 GC heap before
{Heap before GC invocations=46 (full 0):
 garbage-first heap   total 237568K, used 216428K [0x0000000080000000, 0x0000000100000000)
  region size 1024K, 75 young (76800K), 7 survivors (7168K)
 Metaspace       used 144002K, committed 146368K, reserved 1179648K
  class space    used 18595K, committed 19776K, reserved 1048576K
}
Event: 587.987 GC heap after
{Heap after GC invocations=47 (full 0):
 garbage-first heap   total 237568K, used 148348K [0x0000000080000000, 0x0000000100000000)
  region size 1024K, 3 young (3072K), 3 survivors (3072K)
 Metaspace       used 144002K, committed 146368K, reserved 1179648K
  class space    used 18595K, committed 19776K, reserved 1048576K
}
Event: 588.850 GC heap before
{Heap before GC invocations=47 (full 0):
 garbage-first heap   total 237568K, used 154492K [0x0000000080000000, 0x0000000100000000)
  region size 1024K, 10 young (10240K), 3 survivors (3072K)
 Metaspace       used 144410K, committed 146688K, reserved 1179648K
  class space    used 18647K, committed 19776K, reserved 1048576K
}
Event: 588.855 GC heap after
{Heap after GC invocations=48 (full 0):
 garbage-first heap   total 237568K, used 149454K [0x0000000080000000, 0x0000000100000000)
  region size 1024K, 4 young (4096K), 4 survivors (4096K)
 Metaspace       used 144410K, committed 146688K, reserved 1179648K
  class space    used 18647K, committed 19776K, reserved 1048576K
}
Event: 595.438 GC heap before
{Heap before GC invocations=49 (full 0):
 garbage-first heap   total 276480K, used 222158K [0x0000000080000000, 0x0000000100000000)
  region size 1024K, 71 young (72704K), 4 survivors (4096K)
 Metaspace       used 148610K, committed 150976K, reserved 1179648K
  class space    used 19224K, committed 20416K, reserved 1048576K
}
Event: 595.482 GC heap after
{Heap after GC invocations=50 (full 0):
 garbage-first heap   total 276480K, used 154380K [0x0000000080000000, 0x0000000100000000)
  region size 1024K, 9 young (9216K), 9 survivors (9216K)
 Metaspace       used 148610K, committed 150976K, reserved 1179648K
  class space    used 19224K, committed 20416K, reserved 1048576K
}
Event: 617.613 GC heap before
{Heap before GC invocations=50 (full 0):
 garbage-first heap   total 276480K, used 244492K [0x0000000080000000, 0x0000000100000000)
  region size 1024K, 97 young (99328K), 9 survivors (9216K)
 Metaspace       used 149661K, committed 152000K, reserved 1245184K
  class space    used 19307K, committed 20480K, reserved 1048576K
}
Event: 617.635 GC heap after
{Heap after GC invocations=51 (full 0):
 garbage-first heap   total 276480K, used 161500K [0x0000000080000000, 0x0000000100000000)
  region size 1024K, 13 young (13312K), 13 survivors (13312K)
 Metaspace       used 149661K, committed 152000K, reserved 1245184K
  class space    used 19307K, committed 20480K, reserved 1048576K
}
Event: 889.895 GC heap before
{Heap before GC invocations=51 (full 0):
 garbage-first heap   total 276480K, used 246492K [0x0000000080000000, 0x0000000100000000)
  region size 1024K, 97 young (99328K), 13 survivors (13312K)
 Metaspace       used 153604K, committed 156032K, reserved 1245184K
  class space    used 19678K, committed 20864K, reserved 1048576K
}
Event: 889.921 GC heap after
{Heap after GC invocations=52 (full 0):
 garbage-first heap   total 276480K, used 170939K [0x0000000080000000, 0x0000000100000000)
  region size 1024K, 9 young (9216K), 9 survivors (9216K)
 Metaspace       used 153604K, committed 156032K, reserved 1245184K
  class space    used 19678K, committed 20864K, reserved 1048576K
}

